2021-11-09 20:58:51.834 info 7616 --- [main] com.pumpink.Application                  : Starting Application on localhost with PID 7616 (/Users/keyousong/Documents/TestRun/SpringTest/SpringTest/SpringTest/target/classes started by keyousong in /Users/keyousong/Documents/TestRun/SpringTest/SpringTest/SpringTest)
2021-11-09 20:58:51.842 info 7616 --- [main] com.pumpink.Application                  : The following profiles are active: user,headerParmter,deviceInfor
2021-11-09 20:58:52.206 info 7616 --- [main] ConfigServletWebServerApplicationContext : Refreshing org.springframework.boot.web.servlet.context.AnnotationConfigServletWebServerApplicationContext@3a52dba3: startup date [Tue Nov 09 20:58:52 CST 2021]; root of context hierarchy
2021-11-09 20:58:53.049 info 7616 --- [main] f.a.AutowiredAnnotationBeanPostProcessor : JSR-330 'javax.inject.Inject' annotation found and supported for autowiring
2021-11-09 20:58:53.615 info 7616 --- [main] o.s.b.w.embedded.tomcat.TomcatWebServer  : Tomcat initialized with port(s): 8089 (http)
2021-11-09 20:58:53.660 info 7616 --- [main] o.apache.catalina.core.StandardService   : Starting service [Tomcat]
2021-11-09 20:58:53.661 info 7616 --- [main] org.apache.catalina.core.StandardEngine  : Starting Servlet Engine: Apache Tomcat/8.5.31
2021-11-09 20:58:53.665 info 7616 --- [localhost-startStop-1] o.a.catalina.core.AprLifecycleListener   : The APR based Apache Tomcat Native library which allows optimal performance in production environments was not found on the java.library.path: [/Users/keyousong/Library/Java/Extensions:/Library/Java/Extensions:/Network/Library/Java/Extensions:/System/Library/Java/Extensions:/usr/lib/java:.]
2021-11-09 20:58:53.778 info 7616 --- [localhost-startStop-1] o.a.c.c.C.[Tomcat].[localhost].[/]       : Initializing Spring embedded WebApplicationContext
2021-11-09 20:58:53.779 info 7616 --- [localhost-startStop-1] o.s.web.context.ContextLoader            : Root WebApplicationContext: initialization completed in 1574 ms
2021-11-09 20:58:54.052 info 7616 --- [localhost-startStop-1] o.s.b.w.servlet.ServletRegistrationBean  : Servlet dispatcherServlet mapped to [/]
2021-11-09 20:58:54.054 info 7616 --- [localhost-startStop-1] o.s.b.w.servlet.ServletRegistrationBean  : Servlet statViewServlet mapped to [/druid/*]
2021-11-09 20:58:54.058 info 7616 --- [localhost-startStop-1] o.s.b.w.servlet.FilterRegistrationBean   : Mapping filter: 'characterEncodingFilter' to: [/*]
2021-11-09 20:58:54.059 info 7616 --- [localhost-startStop-1] o.s.b.w.servlet.FilterRegistrationBean   : Mapping filter: 'hiddenHttpMethodFilter' to: [/*]
2021-11-09 20:58:54.059 info 7616 --- [localhost-startStop-1] o.s.b.w.servlet.FilterRegistrationBean   : Mapping filter: 'httpPutFormContentFilter' to: [/*]
2021-11-09 20:58:54.059 info 7616 --- [localhost-startStop-1] o.s.b.w.servlet.FilterRegistrationBean   : Mapping filter: 'requestContextFilter' to: [/*]
2021-11-09 20:58:54.059 info 7616 --- [localhost-startStop-1] o.s.b.w.servlet.FilterRegistrationBean   : Mapping filter: 'webStatFilter' to urls: [/*]
2021-11-09 20:58:54.282 info 7616 --- [main] c.a.d.s.b.a.DruidDataSourceAutoConfigure : Init DruidDataSource
2021-11-09 20:58:54.606 info 7616 --- [main] com.alibaba.druid.pool.DruidDataSource   : {dataSource-1} inited
2021-11-09 20:58:55.505 info 7616 --- [main] o.s.w.s.handler.SimpleUrlHandlerMapping  : Mapped URL path [/**/favicon.ico] onto handler of type [class org.springframework.web.servlet.resource.ResourceHttpRequestHandler]
2021-11-09 20:58:55.770 info 7616 --- [main] s.w.s.m.m.a.RequestMappingHandlerAdapter : Looking for @ControllerAdvice: org.springframework.boot.web.servlet.context.AnnotationConfigServletWebServerApplicationContext@3a52dba3: startup date [Tue Nov 09 20:58:52 CST 2021]; root of context hierarchy
2021-11-09 20:58:55.833 info 7616 --- [main] s.w.s.m.m.a.RequestMappingHandlerMapping : Mapped "{[/test],methods=[GET]}" onto public void com.pumpink.demo.RunAllTestPac.RunAllController.testGet()
2021-11-09 20:58:55.836 info 7616 --- [main] s.w.s.m.m.a.RequestMappingHandlerMapping : Mapped "{[/doPool],methods=[GET]}" onto public java.lang.String com.pumpink.runThreadPool.taskController.ThreadPoolController.testQiang(com.pumpink.runThreadPool.bean.RequestParam)
2021-11-09 20:58:55.837 info 7616 --- [main] s.w.s.m.m.a.RequestMappingHandlerMapping : Mapped "{[/qiangHongBao],methods=[GET]}" onto public void com.pumpink.runThreadPool.taskController.ThreadPoolController.qiangHongBao(com.pumpink.runThreadPool.bean.RequestParam)
2021-11-09 20:58:55.840 info 7616 --- [main] s.w.s.m.m.a.RequestMappingHandlerMapping : Mapped "{[/error],produces=[text/html]}" onto public org.springframework.web.servlet.ModelAndView org.springframework.boot.autoconfigure.web.servlet.error.BasicErrorController.errorHtml(javax.servlet.http.HttpServletRequest,javax.servlet.http.HttpServletResponse)
2021-11-09 20:58:55.841 info 7616 --- [main] s.w.s.m.m.a.RequestMappingHandlerMapping : Mapped "{[/error]}" onto public org.springframework.http.ResponseEntity<java.util.Map<java.lang.String, java.lang.Object>> org.springframework.boot.autoconfigure.web.servlet.error.BasicErrorController.error(javax.servlet.http.HttpServletRequest)
2021-11-09 20:58:55.881 info 7616 --- [main] o.s.w.s.handler.SimpleUrlHandlerMapping  : Mapped URL path [/webjars/**] onto handler of type [class org.springframework.web.servlet.resource.ResourceHttpRequestHandler]
2021-11-09 20:58:55.881 info 7616 --- [main] o.s.w.s.handler.SimpleUrlHandlerMapping  : Mapped URL path [/**] onto handler of type [class org.springframework.web.servlet.resource.ResourceHttpRequestHandler]
2021-11-09 20:58:56.091 info 7616 --- [main] o.s.ui.freemarker.SpringTemplateLoader   : SpringTemplateLoader for FreeMarker: using resource loader [org.springframework.boot.web.servlet.context.AnnotationConfigServletWebServerApplicationContext@3a52dba3: startup date [Tue Nov 09 20:58:52 CST 2021]; root of context hierarchy] and template loader path [classpath:/templates/]
2021-11-09 20:58:56.092 info 7616 --- [main] o.s.w.s.v.f.FreeMarkerConfigurer         : ClassTemplateLoader for Spring macros added to FreeMarker configuration
2021-11-09 20:58:56.126 info 7616 --- [main] o.s.b.a.f.FreeMarkerAutoConfiguration    : Cannot find template location(s): [classpath:/templates/] (please add some templates, check your FreeMarker configuration, or set spring.freemarker.checkTemplateLocation=false)
2021-11-09 20:58:56.331 info 7616 --- [main] o.s.j.e.a.AnnotationMBeanExporter        : Registering beans for JMX exposure on startup
2021-11-09 20:58:56.333 info 7616 --- [main] o.s.j.e.a.AnnotationMBeanExporter        : Bean with name 'statFilter' has been autodetected for JMX exposure
2021-11-09 20:58:56.333 info 7616 --- [main] o.s.j.e.a.AnnotationMBeanExporter        : Bean with name 'dataSource' has been autodetected for JMX exposure
2021-11-09 20:58:56.366 info 7616 --- [main] o.s.j.e.a.AnnotationMBeanExporter        : Located MBean 'dataSource': registering with JMX server as MBean [com.alibaba.druid.spring.boot.autoconfigure:name=dataSource,type=DruidDataSourceWrapper]
2021-11-09 20:58:56.367 info 7616 --- [main] o.s.j.e.a.AnnotationMBeanExporter        : Located MBean 'statFilter': registering with JMX server as MBean [com.alibaba.druid.filter.stat:name=statFilter,type=StatFilter]
2021-11-09 20:58:56.415 info 7616 --- [main] o.s.b.w.embedded.tomcat.TomcatWebServer  : Tomcat started on port(s): 8089 (http) with context path ''
2021-11-09 20:58:56.419 info 7616 --- [main] com.pumpink.Application                  : Started Application in 5.188 seconds (JVM running for 6.01)
2021-11-09 20:58:59.455 info 7616 --- [Thread-13] ConfigServletWebServerApplicationContext : Closing org.springframework.boot.web.servlet.context.AnnotationConfigServletWebServerApplicationContext@3a52dba3: startup date [Tue Nov 09 20:58:52 CST 2021]; root of context hierarchy
2021-11-09 20:58:59.457 info 7616 --- [Thread-13] o.s.j.e.a.AnnotationMBeanExporter        : Unregistering JMX-exposed beans on shutdown
2021-11-09 20:58:59.458 info 7616 --- [Thread-13] o.s.j.e.a.AnnotationMBeanExporter        : Unregistering JMX-exposed beans
2021-11-09 20:58:59.460 info 7616 --- [Thread-13] com.alibaba.druid.pool.DruidDataSource   : {dataSource-1} closed
